<?xml version="1.0" encoding="UTF-8"?>
<testsuite xmlns:xsi="http://www.w3.org/2001/XMLSchema-instance" xsi:noNamespaceSchemaLocation="https://maven.apache.org/surefire/maven-surefire-plugin/xsd/surefire-test-report.xsd" version="3.0.2" name="org.upov.genie.GenieWsApplicationTests" time="14.006" tests="1" errors="0" skipped="0" failures="0">
  <properties>
[...]
</properties>
  <testcase name="contextLoads" classname="org.upov.genie.GenieWsApplicationTests" time="0.719">
    <system-out><![CDATA[13:01:50.696 [main] INFO org.springframework.test.context.support.AnnotationConfigContextLoaderUtils -- Could not detect default configuration classes for test class [org.upov.genie.GenieWsApplicationTests]: GenieWsApplicationTests does not declare any static, non-private, non-final, nested classes annotated with @Configuration.
13:01:50.920 [main] INFO org.springframework.boot.test.context.SpringBootTestContextBootstrapper -- Found @SpringBootConfiguration org.upov.genie.GenieWsApplication for test class org.upov.genie.GenieWsApplicationTests
13:01:51.171 [main] INFO org.springframework.boot.devtools.restart.RestartApplicationListener -- Restart disabled due to context in which it is running

  .   ____          _            __ _ _
 /\\ / ___'_ __ _ _(_)_ __  __ _ \ \ \ \
( ( )\___ | '_ | '_| | '_ \/ _` | \ \ \ \
 \\/  ___)| |_)| | | | | || (_| |  ) ) ) )
  '  |____| .__|_| |_|_| |_\__, | / / / /
 =========|_|==============|___/=/_/_/_/

 :: Spring Boot ::                (v3.5.7)

2025-12-17T13:01:51.889+05:30  INFO 292780 --- [genie] [           main] org.upov.genie.GenieWsApplicationTests   : Starting GenieWsApplicationTests using Java 21.0.9 with PID 292780 (started by shuklash in /home/shuklash/Desktop/genie-webapp-modernized_apps@47949edf88e/backend)
2025-12-17T13:01:51.893+05:30 DEBUG 292780 --- [genie] [           main] org.upov.genie.GenieWsApplicationTests   : Running with Spring Boot v3.5.7, Spring v6.2.12
2025-12-17T13:01:51.896+05:30  INFO 292780 --- [genie] [           main] org.upov.genie.GenieWsApplicationTests   : No active profile set, falling back to 1 default profile: "default"
2025-12-17T13:01:53.218+05:30  INFO 292780 --- [genie] [           main] .s.d.r.c.RepositoryConfigurationDelegate : Bootstrapping Spring Data JPA repositories in DEFAULT mode.
2025-12-17T13:01:53.434+05:30  INFO 292780 --- [genie] [           main] .s.d.r.c.RepositoryConfigurationDelegate : Finished Spring Data repository scanning in 196 ms. Found 8 JPA repository interfaces.
2025-12-17T13:01:54.730+05:30  INFO 292780 --- [genie] [           main] o.hibernate.jpa.internal.util.LogHelper  : HHH000204: Processing PersistenceUnitInfo [name: default]
2025-12-17T13:01:54.861+05:30  INFO 292780 --- [genie] [           main] org.hibernate.Version                    : HHH000412: Hibernate ORM core version 6.6.33.Final
2025-12-17T13:01:54.939+05:30  INFO 292780 --- [genie] [           main] o.h.c.internal.RegionFactoryInitiator    : HHH000026: Second-level cache disabled
2025-12-17T13:01:55.501+05:30  INFO 292780 --- [genie] [           main] o.s.o.j.p.SpringPersistenceUnitInfo      : No LoadTimeWeaver setup: ignoring JPA class transformer
2025-12-17T13:01:55.552+05:30  INFO 292780 --- [genie] [           main] com.zaxxer.hikari.HikariDataSource       : HikariPool-1 - Starting...
2025-12-17T13:01:55.559+05:30  WARN 292780 --- [genie] [           main] c.zaxxer.hikari.util.DriverDataSource    : Registered driver with driverClassName=oracle.jdbc.driver.OracleDriver was not found, trying direct instantiation.
2025-12-17T13:01:56.274+05:30  INFO 292780 --- [genie] [           main] com.zaxxer.hikari.pool.HikariPool        : HikariPool-1 - Added connection oracle.jdbc.driver.T4CConnection@794cb26b
2025-12-17T13:01:56.276+05:30  INFO 292780 --- [genie] [           main] com.zaxxer.hikari.HikariDataSource       : HikariPool-1 - Start completed.
2025-12-17T13:01:56.641+05:30  WARN 292780 --- [genie] [           main] org.hibernate.orm.deprecation            : HHH90000025: OracleDialect does not need to be specified explicitly using 'hibernate.dialect' (remove the property setting and it will be selected by default)
2025-12-17T13:01:56.700+05:30  INFO 292780 --- [genie] [           main] org.hibernate.orm.connections.pooling    : HHH10001005: Database info:
	Database JDBC URL [Connecting through datasource 'HikariDataSource (HikariPool-1)']
	Database driver: undefined/unknown
	Database version: 19.28
	Autocommit mode: undefined/unknown
	Isolation level: undefined/unknown
	Minimum pool size: undefined/unknown
	Maximum pool size: undefined/unknown
2025-12-17T13:01:58.956+05:30  INFO 292780 --- [genie] [           main] o.h.e.t.j.p.i.JtaPlatformInitiator       : HHH000489: No JTA platform available (set 'hibernate.transaction.jta.platform' to enable JTA platform integration)
2025-12-17T13:01:58.960+05:30  INFO 292780 --- [genie] [           main] j.LocalContainerEntityManagerFactoryBean : Initialized JPA EntityManagerFactory for persistence unit 'default'
2025-12-17T13:01:59.408+05:30  INFO 292780 --- [genie] [           main] o.s.d.j.r.query.QueryEnhancerFactory     : Hibernate is in classpath; If applicable, HQL parser will be used.
2025-12-17T13:02:03.649+05:30  INFO 292780 --- [genie] [           main] org.upov.genie.GenieWsApplicationTests   : Started GenieWsApplicationTests in 12.497 seconds (process running for 14.347)
]]></system-out>
    <system-err><![CDATA[Mockito is currently self-attaching to enable the inline-mock-maker. This will no longer work in future releases of the JDK. Please add Mockito as an agent to your build as described in Mockito's documentation: https://javadoc.io/doc/org.mockito/mockito-core/latest/org.mockito/org/mockito/Mockito.html#0.3
WARNING: A Java agent has been loaded dynamically (/home/shuklash/.m2/repository/net/bytebuddy/byte-buddy-agent/1.17.8/byte-buddy-agent-1.17.8.jar)
WARNING: If a serviceability tool is in use, please run with -XX:+EnableDynamicAgentLoading to hide this warning
WARNING: If a serviceability tool is not in use, please run with -Djdk.instrument.traceUsage for more information
WARNING: Dynamic loading of agents will be disallowed by default in a future release
]]></system-err>
  </testcase>
</testsuite>